<?xml version="1.0" encoding="UTF-8"?>
<coverage generated="1641809320629" clover="3.2.0">
  <project timestamp="1641809320629" name="All files">
    <metrics statements="52" coveredstatements="23" conditionals="6" coveredconditionals="4" methods="28" coveredmethods="5" elements="86" coveredelements="32" complexity="0" loc="52" ncloc="52" packages="4" files="6" classes="6"/>
    <package name="components.category">
      <metrics statements="7" coveredstatements="4" conditionals="0" coveredconditionals="0" methods="3" coveredmethods="1"/>
      <file name="Categories.js" path="C:\Users\Dinara\Desktop\test\src\modules\components\category\Categories.js">
        <metrics statements="4" coveredstatements="3" conditionals="0" coveredconditionals="0" methods="2" coveredmethods="1"/>
        <line num="8" count="1" type="stmt"/>
        <line num="9" count="1" type="stmt"/>
        <line num="11" count="1" type="stmt"/>
        <line num="16" count="0" type="stmt"/>
      </file>
      <file name="CategoriesBanner.js" path="C:\Users\Dinara\Desktop\test\src\modules\components\category\CategoriesBanner.js">
        <metrics statements="3" coveredstatements="1" conditionals="0" coveredconditionals="0" methods="1" coveredmethods="0"/>
        <line num="4" count="1" type="stmt"/>
        <line num="5" count="0" type="stmt"/>
        <line num="12" count="0" type="stmt"/>
      </file>
    </package>
    <package name="components.product">
      <metrics statements="14" coveredstatements="8" conditionals="4" coveredconditionals="4" methods="8" coveredmethods="2"/>
      <file name="Product.js" path="C:\Users\Dinara\Desktop\test\src\modules\components\product\Product.js">
        <metrics statements="14" coveredstatements="8" conditionals="4" coveredconditionals="4" methods="8" coveredmethods="2"/>
        <line num="7" count="1" type="stmt"/>
        <line num="8" count="3" type="stmt"/>
        <line num="9" count="3" type="stmt"/>
        <line num="11" count="3" type="stmt"/>
        <line num="12" count="0" type="stmt"/>
        <line num="15" count="3" type="stmt"/>
        <line num="20" count="1" type="stmt"/>
        <line num="21" count="0" type="stmt"/>
        <line num="29" count="0" type="stmt"/>
        <line num="30" count="0" type="stmt"/>
        <line num="36" count="0" type="stmt"/>
        <line num="37" count="0" type="stmt"/>
        <line num="53" count="1" type="stmt"/>
        <line num="57" count="1" type="stmt"/>
      </file>
    </package>
    <package name="hooks">
      <metrics statements="29" coveredstatements="10" conditionals="2" coveredconditionals="0" methods="15" coveredmethods="2"/>
      <file name="CartContext.js" path="C:\Users\Dinara\Desktop\test\src\modules\hooks\CartContext.js">
        <metrics statements="20" coveredstatements="4" conditionals="2" coveredconditionals="0" methods="9" coveredmethods="1"/>
        <line num="3" count="1" type="stmt"/>
        <line num="5" count="1" type="stmt"/>
        <line num="6" count="3" type="stmt"/>
        <line num="9" count="1" type="stmt"/>
        <line num="10" count="0" type="stmt"/>
        <line num="11" count="0" type="stmt"/>
        <line num="13" count="0" type="stmt"/>
        <line num="15" count="0" type="stmt"/>
        <line num="16" count="0" type="cond" truecount="0" falsecount="2"/>
        <line num="17" count="0" type="stmt"/>
        <line num="18" count="0" type="stmt"/>
        <line num="20" count="0" type="stmt"/>
        <line num="24" count="0" type="stmt"/>
        <line num="25" count="0" type="stmt"/>
        <line num="27" count="0" type="stmt"/>
        <line num="28" count="0" type="stmt"/>
        <line num="29" count="0" type="stmt"/>
        <line num="36" count="0" type="stmt"/>
        <line num="38" count="0" type="stmt"/>
        <line num="43" count="0" type="stmt"/>
      </file>
      <file name="useProducts.js" path="C:\Users\Dinara\Desktop\test\src\modules\hooks\useProducts.js">
        <metrics statements="9" coveredstatements="6" conditionals="0" coveredconditionals="0" methods="6" coveredmethods="1"/>
        <line num="5" count="1" type="stmt"/>
        <line num="6" count="1" type="stmt"/>
        <line num="8" count="1" type="stmt"/>
        <line num="9" count="0" type="stmt"/>
        <line num="12" count="1" type="stmt"/>
        <line num="13" count="0" type="stmt"/>
        <line num="14" count="0" type="stmt"/>
        <line num="18" count="1" type="stmt"/>
        <line num="20" count="1" type="stmt"/>
      </file>
    </package>
    <package name="services">
      <metrics statements="2" coveredstatements="1" conditionals="0" coveredconditionals="0" methods="2" coveredmethods="0"/>
      <file name="services.js" path="C:\Users\Dinara\Desktop\test\src\modules\services\services.js">
        <metrics statements="2" coveredstatements="1" conditionals="0" coveredconditionals="0" methods="2" coveredmethods="0"/>
        <line num="1" count="1" type="stmt"/>
        <line num="4" count="0" type="stmt"/>
      </file>
    </package>
  </project>
</coverage>
