{"C:\\Users\\Dinara\\Desktop\\test\\src\\modules\\components\\category\\Categories.js": {"path":"C:\\Users\\Dinara\\Desktop\\test\\src\\modules\\components\\category\\Categories.js","statementMap":{"0":{"start":{"line":8,"column":19},"end":{"line":24,"column":1}},"1":{"start":{"line":9,"column":19},"end":{"line":9,"column":32}},"2":{"start":{"line":11,"column":2},"end":{"line":23,"column":4}},"3":{"start":{"line":16,"column":10},"end":{"line":19,"column":12}}},"fnMap":{"0":{"name":"(anonymous_0)","decl":{"start":{"line":8,"column":19},"end":{"line":8,"column":20}},"loc":{"start":{"line":8,"column":25},"end":{"line":24,"column":1}},"line":8},"1":{"name":"(anonymous_1)","decl":{"start":{"line":15,"column":16},"end":{"line":15,"column":17}},"loc":{"start":{"line":16,"column":10},"end":{"line":19,"column":12}},"line":16}},"branchMap":{},"s":{"0":1,"1":1,"2":1,"3":0},"f":{"0":1,"1":0},"b":{},"_coverageSchema":"1a1c01bbd47fc00a2c39e90264f33305004495a9","hash":"0046d88645671442756a287c77a6da445a095d34"}
,"C:\\Users\\Dinara\\Desktop\\test\\src\\modules\\components\\category\\CategoriesBanner.js": {"path":"C:\\Users\\Dinara\\Desktop\\test\\src\\modules\\components\\category\\CategoriesBanner.js","statementMap":{"0":{"start":{"line":4,"column":25},"end":{"line":26,"column":1}},"1":{"start":{"line":5,"column":18},"end":{"line":5,"column":44}},"2":{"start":{"line":12,"column":2},"end":{"line":25,"column":4}}},"fnMap":{"0":{"name":"(anonymous_0)","decl":{"start":{"line":4,"column":25},"end":{"line":4,"column":26}},"loc":{"start":{"line":4,"column":31},"end":{"line":26,"column":1}},"line":4}},"branchMap":{},"s":{"0":1,"1":0,"2":0},"f":{"0":0},"b":{},"_coverageSchema":"1a1c01bbd47fc00a2c39e90264f33305004495a9","hash":"bb29c44268eaa3a593e295956aa11df248bf93bf"}
,"C:\\Users\\Dinara\\Desktop\\test\\src\\modules\\components\\product\\Product.js": {"path":"C:\\Users\\Dinara\\Desktop\\test\\src\\modules\\components\\product\\Product.js","statementMap":{"0":{"start":{"line":7,"column":16},"end":{"line":51,"column":1}},"1":{"start":{"line":8,"column":15},"end":{"line":8,"column":24}},"2":{"start":{"line":9,"column":46},"end":{"line":9,"column":61}},"3":{"start":{"line":11,"column":27},"end":{"line":13,"column":3}},"4":{"start":{"line":12,"column":4},"end":{"line":12,"column":29}},"5":{"start":{"line":15,"column":2},"end":{"line":50,"column":4}},"6":{"start":{"line":20,"column":28},"end":{"line":20,"column":50}},"7":{"start":{"line":21,"column":28},"end":{"line":21,"column":51}},"8":{"start":{"line":29,"column":32},"end":{"line":29,"column":54}},"9":{"start":{"line":30,"column":32},"end":{"line":30,"column":55}},"10":{"start":{"line":36,"column":32},"end":{"line":36,"column":54}},"11":{"start":{"line":37,"column":32},"end":{"line":37,"column":55}},"12":{"start":{"line":53,"column":0},"end":{"line":55,"column":1}},"13":{"start":{"line":57,"column":0},"end":{"line":59,"column":1}}},"fnMap":{"0":{"name":"(anonymous_0)","decl":{"start":{"line":7,"column":16},"end":{"line":7,"column":17}},"loc":{"start":{"line":7,"column":30},"end":{"line":51,"column":1}},"line":7},"1":{"name":"(anonymous_1)","decl":{"start":{"line":11,"column":27},"end":{"line":11,"column":28}},"loc":{"start":{"line":11,"column":33},"end":{"line":13,"column":3}},"line":11},"2":{"name":"(anonymous_2)","decl":{"start":{"line":20,"column":22},"end":{"line":20,"column":23}},"loc":{"start":{"line":20,"column":28},"end":{"line":20,"column":50}},"line":20},"3":{"name":"(anonymous_3)","decl":{"start":{"line":21,"column":22},"end":{"line":21,"column":23}},"loc":{"start":{"line":21,"column":28},"end":{"line":21,"column":51}},"line":21},"4":{"name":"(anonymous_4)","decl":{"start":{"line":29,"column":26},"end":{"line":29,"column":27}},"loc":{"start":{"line":29,"column":32},"end":{"line":29,"column":54}},"line":29},"5":{"name":"(anonymous_5)","decl":{"start":{"line":30,"column":26},"end":{"line":30,"column":27}},"loc":{"start":{"line":30,"column":32},"end":{"line":30,"column":55}},"line":30},"6":{"name":"(anonymous_6)","decl":{"start":{"line":36,"column":26},"end":{"line":36,"column":27}},"loc":{"start":{"line":36,"column":32},"end":{"line":36,"column":54}},"line":36},"7":{"name":"(anonymous_7)","decl":{"start":{"line":37,"column":26},"end":{"line":37,"column":27}},"loc":{"start":{"line":37,"column":32},"end":{"line":37,"column":55}},"line":37}},"branchMap":{"0":{"loc":{"start":{"line":22,"column":19},"end":{"line":22,"column":53}},"type":"cond-expr","locations":[{"start":{"line":22,"column":37},"end":{"line":22,"column":46}},{"start":{"line":22,"column":49},"end":{"line":22,"column":53}}],"line":22},"1":{"loc":{"start":{"line":24,"column":7},"end":{"line":43,"column":7}},"type":"binary-expr","locations":[{"start":{"line":24,"column":7},"end":{"line":24,"column":22}},{"start":{"line":25,"column":8},"end":{"line":42,"column":11}}],"line":24}},"s":{"0":1,"1":3,"2":3,"3":3,"4":0,"5":3,"6":1,"7":0,"8":0,"9":0,"10":0,"11":0,"12":1,"13":1},"f":{"0":3,"1":0,"2":1,"3":0,"4":0,"5":0,"6":0,"7":0},"b":{"0":[1,2],"1":[3,1]},"_coverageSchema":"1a1c01bbd47fc00a2c39e90264f33305004495a9","hash":"862c2a7666238d39f065980313e116db62abe2f0"}
,"C:\\Users\\Dinara\\Desktop\\test\\src\\modules\\hooks\\CartContext.js": {"path":"C:\\Users\\Dinara\\Desktop\\test\\src\\modules\\hooks\\CartContext.js","statementMap":{"0":{"start":{"line":3,"column":20},"end":{"line":3,"column":41}},"1":{"start":{"line":5,"column":23},"end":{"line":7,"column":1}},"2":{"start":{"line":6,"column":2},"end":{"line":6,"column":33}},"3":{"start":{"line":9,"column":28},"end":{"line":58,"column":1}},"4":{"start":{"line":10,"column":36},"end":{"line":10,"column":48}},"5":{"start":{"line":11,"column":36},"end":{"line":11,"column":51}},"6":{"start":{"line":13,"column":21},"end":{"line":34,"column":3}},"7":{"start":{"line":15,"column":6},"end":{"line":31,"column":9}},"8":{"start":{"line":16,"column":8},"end":{"line":30,"column":9}},"9":{"start":{"line":16,"column":32},"end":{"line":16,"column":54}},"10":{"start":{"line":17,"column":35},"end":{"line":19,"column":14}},"11":{"start":{"line":18,"column":22},"end":{"line":18,"column":43}},"12":{"start":{"line":20,"column":35},"end":{"line":23,"column":11}},"13":{"start":{"line":24,"column":25},"end":{"line":24,"column":70}},"14":{"start":{"line":24,"column":47},"end":{"line":24,"column":69}},"15":{"start":{"line":25,"column":10},"end":{"line":25,"column":51}},"16":{"start":{"line":27,"column":10},"end":{"line":27,"column":38}},"17":{"start":{"line":28,"column":10},"end":{"line":28,"column":51}},"18":{"start":{"line":29,"column":10},"end":{"line":29,"column":36}},"19":{"start":{"line":36,"column":25},"end":{"line":41,"column":3}},"20":{"start":{"line":38,"column":6},"end":{"line":38,"column":63}},"21":{"start":{"line":38,"column":46},"end":{"line":38,"column":60}},"22":{"start":{"line":43,"column":2},"end":{"line":57,"column":4}}},"fnMap":{"0":{"name":"(anonymous_0)","decl":{"start":{"line":5,"column":23},"end":{"line":5,"column":24}},"loc":{"start":{"line":5,"column":29},"end":{"line":7,"column":1}},"line":5},"1":{"name":"(anonymous_1)","decl":{"start":{"line":9,"column":28},"end":{"line":9,"column":29}},"loc":{"start":{"line":9,"column":46},"end":{"line":58,"column":1}},"line":9},"2":{"name":"(anonymous_2)","decl":{"start":{"line":14,"column":4},"end":{"line":14,"column":5}},"loc":{"start":{"line":14,"column":27},"end":{"line":32,"column":5}},"line":14},"3":{"name":"(anonymous_3)","decl":{"start":{"line":15,"column":19},"end":{"line":15,"column":20}},"loc":{"start":{"line":15,"column":29},"end":{"line":31,"column":7}},"line":15},"4":{"name":"(anonymous_4)","decl":{"start":{"line":16,"column":22},"end":{"line":16,"column":23}},"loc":{"start":{"line":16,"column":32},"end":{"line":16,"column":54}},"line":16},"5":{"name":"(anonymous_5)","decl":{"start":{"line":18,"column":12},"end":{"line":18,"column":13}},"loc":{"start":{"line":18,"column":22},"end":{"line":18,"column":43}},"line":18},"6":{"name":"(anonymous_6)","decl":{"start":{"line":24,"column":37},"end":{"line":24,"column":38}},"loc":{"start":{"line":24,"column":47},"end":{"line":24,"column":69}},"line":24},"7":{"name":"(anonymous_7)","decl":{"start":{"line":37,"column":4},"end":{"line":37,"column":5}},"loc":{"start":{"line":37,"column":12},"end":{"line":39,"column":5}},"line":37},"8":{"name":"(anonymous_8)","decl":{"start":{"line":38,"column":36},"end":{"line":38,"column":37}},"loc":{"start":{"line":38,"column":46},"end":{"line":38,"column":60}},"line":38}},"branchMap":{"0":{"loc":{"start":{"line":16,"column":8},"end":{"line":30,"column":9}},"type":"if","locations":[{"start":{"line":16,"column":8},"end":{"line":30,"column":9}},{"start":{"line":26,"column":15},"end":{"line":30,"column":9}}],"line":16}},"s":{"0":1,"1":1,"2":3,"3":1,"4":0,"5":0,"6":0,"7":0,"8":0,"9":0,"10":0,"11":0,"12":0,"13":0,"14":0,"15":0,"16":0,"17":0,"18":0,"19":0,"20":0,"21":0,"22":0},"f":{"0":3,"1":0,"2":0,"3":0,"4":0,"5":0,"6":0,"7":0,"8":0},"b":{"0":[0,0]},"_coverageSchema":"1a1c01bbd47fc00a2c39e90264f33305004495a9","hash":"5672e7d55ff690c1a577e74ae5fb7d3dca63882e"}
,"C:\\Users\\Dinara\\Desktop\\test\\src\\modules\\hooks\\useProducts.js": {"path":"C:\\Users\\Dinara\\Desktop\\test\\src\\modules\\hooks\\useProducts.js","statementMap":{"0":{"start":{"line":5,"column":26},"end":{"line":5,"column":38}},"1":{"start":{"line":6,"column":48},"end":{"line":6,"column":60}},"2":{"start":{"line":8,"column":18},"end":{"line":10,"column":8}},"3":{"start":{"line":9,"column":4},"end":{"line":9,"column":44}},"4":{"start":{"line":9,"column":29},"end":{"line":9,"column":42}},"5":{"start":{"line":12,"column":23},"end":{"line":16,"column":8}},"6":{"start":{"line":13,"column":4},"end":{"line":15,"column":7}},"7":{"start":{"line":14,"column":6},"end":{"line":14,"column":66}},"8":{"start":{"line":14,"column":47},"end":{"line":14,"column":60}},"9":{"start":{"line":18,"column":2},"end":{"line":18,"column":32}},"10":{"start":{"line":20,"column":2},"end":{"line":26,"column":4}}},"fnMap":{"0":{"name":"(anonymous_0)","decl":{"start":{"line":4,"column":15},"end":{"line":4,"column":16}},"loc":{"start":{"line":4,"column":27},"end":{"line":27,"column":1}},"line":4},"1":{"name":"(anonymous_1)","decl":{"start":{"line":8,"column":30},"end":{"line":8,"column":31}},"loc":{"start":{"line":8,"column":36},"end":{"line":10,"column":3}},"line":8},"2":{"name":"(anonymous_2)","decl":{"start":{"line":9,"column":19},"end":{"line":9,"column":20}},"loc":{"start":{"line":9,"column":29},"end":{"line":9,"column":42}},"line":9},"3":{"name":"(anonymous_3)","decl":{"start":{"line":12,"column":35},"end":{"line":12,"column":36}},"loc":{"start":{"line":12,"column":43},"end":{"line":16,"column":3}},"line":12},"4":{"name":"(anonymous_4)","decl":{"start":{"line":13,"column":19},"end":{"line":13,"column":20}},"loc":{"start":{"line":13,"column":29},"end":{"line":15,"column":5}},"line":13},"5":{"name":"(anonymous_5)","decl":{"start":{"line":14,"column":37},"end":{"line":14,"column":38}},"loc":{"start":{"line":14,"column":47},"end":{"line":14,"column":60}},"line":14}},"branchMap":{},"s":{"0":1,"1":1,"2":1,"3":0,"4":0,"5":1,"6":0,"7":0,"8":0,"9":1,"10":1},"f":{"0":1,"1":0,"2":0,"3":0,"4":0,"5":0},"b":{},"_coverageSchema":"1a1c01bbd47fc00a2c39e90264f33305004495a9","hash":"994a42d588a7997f65f758e70a0312864e03bb4f"}
,"C:\\Users\\Dinara\\Desktop\\test\\src\\modules\\services\\services.js": {"path":"C:\\Users\\Dinara\\Desktop\\test\\src\\modules\\services\\services.js","statementMap":{"0":{"start":{"line":1,"column":24},"end":{"line":1,"column":34}},"1":{"start":{"line":4,"column":2},"end":{"line":4,"column":61}},"2":{"start":{"line":4,"column":49},"end":{"line":4,"column":59}}},"fnMap":{"0":{"name":"getData","decl":{"start":{"line":3,"column":16},"end":{"line":3,"column":23}},"loc":{"start":{"line":3,"column":26},"end":{"line":5,"column":1}},"line":3},"1":{"name":"(anonymous_1)","decl":{"start":{"line":4,"column":40},"end":{"line":4,"column":41}},"loc":{"start":{"line":4,"column":49},"end":{"line":4,"column":59}},"line":4}},"branchMap":{},"s":{"0":1,"1":0,"2":0},"f":{"0":0,"1":0},"b":{},"_coverageSchema":"1a1c01bbd47fc00a2c39e90264f33305004495a9","hash":"f5090949b182478d7119ec1ed755e1eda76f9db9"}
}
